<?xml version="1.0" encoding="UTF-8"?>
<testng-results ignored="0" total="0" passed="0" failed="0" skipped="0">
  <reporter-output>
  </reporter-output>
  <suite started-at="2022-10-26T14:04:52 EEST" name="org.example.AppTest" finished-at="2022-10-26T14:04:52 EEST" duration-ms="11">
    <groups>
    </groups>
    <test started-at="2022-10-26T14:04:52 EEST" name="Command line test" finished-at="2022-10-26T14:04:52 EEST" duration-ms="11">
    </test> <!-- Command line test -->
  </suite> <!-- org.example.AppTest -->
</testng-results>
